c:\users\pmurgai\desktop\quarter-1\256a\final_project\3daudio_scene_creator\bin\3daudio_scene_creator_debug.lib
c:\users\pmurgai\desktop\quarter-1\256a\final_project\3daudio_scene_creator\bin\3daudio_scene_creator_debug.exp
c:\users\pmurgai\desktop\quarter-1\256a\final_project\3daudio_scene_creator\obj\debug\main.obj
c:\users\pmurgai\desktop\quarter-1\256a\final_project\3daudio_scene_creator\obj\debug\ofxmidiin.obj
c:\users\pmurgai\desktop\quarter-1\256a\final_project\3daudio_scene_creator\obj\debug\ofapp.obj
c:\users\pmurgai\desktop\quarter-1\256a\final_project\3daudio_scene_creator\obj\debug\ofxmidimessage.obj
c:\users\pmurgai\desktop\quarter-1\256a\final_project\3daudio_scene_creator\obj\debug\rtmidi.obj
c:\users\pmurgai\desktop\quarter-1\256a\final_project\3daudio_scene_creator\obj\debug\ofxrtmidiin.obj
c:\users\pmurgai\desktop\quarter-1\256a\final_project\3daudio_scene_creator\obj\debug\ofxbasemidi.obj
c:\users\pmurgai\desktop\quarter-1\256a\final_project\3daudio_scene_creator\obj\debug\ofxmidiout.obj
c:\users\pmurgai\desktop\quarter-1\256a\final_project\3daudio_scene_creator\obj\debug\audio_scene_creator.obj
c:\users\pmurgai\desktop\quarter-1\256a\final_project\3daudio_scene_creator\obj\debug\ofxrtmidiout.obj
c:\users\pmurgai\desktop\quarter-1\256a\final_project\3daudio_scene_creator\obj\debug\ofxmidi.obj
c:\users\pmurgai\desktop\quarter-1\256a\final_project\3daudio_scene_creator\obj\debug\vc140.pdb
c:\users\pmurgai\desktop\quarter-1\256a\final_project\3daudio_scene_creator\bin\3daudio_scene_creator_debug.ilk
c:\users\pmurgai\desktop\quarter-1\256a\final_project\3daudio_scene_creator\bin\3daudio_scene_creator_debug.exe
c:\users\pmurgai\desktop\quarter-1\256a\final_project\3daudio_scene_creator\bin\3daudio_scene_creator_debug.pdb
c:\users\pmurgai\desktop\quarter-1\256a\final_project\3daudio_scene_creator\obj\debug\icon.res
c:\users\pmurgai\desktop\quarter-1\256a\final_project\3daudio_scene_creator\obj\debug\3daudio_.7fd42df7.tlog\3daudio_scene_creator.write.1u.tlog
c:\users\pmurgai\desktop\quarter-1\256a\final_project\3daudio_scene_creator\obj\debug\3daudio_.7fd42df7.tlog\cl.command.1.tlog
c:\users\pmurgai\desktop\quarter-1\256a\final_project\3daudio_scene_creator\obj\debug\3daudio_.7fd42df7.tlog\cl.read.1.tlog
c:\users\pmurgai\desktop\quarter-1\256a\final_project\3daudio_scene_creator\obj\debug\3daudio_.7fd42df7.tlog\cl.write.1.tlog
c:\users\pmurgai\desktop\quarter-1\256a\final_project\3daudio_scene_creator\obj\debug\3daudio_.7fd42df7.tlog\link.command.1.tlog
c:\users\pmurgai\desktop\quarter-1\256a\final_project\3daudio_scene_creator\obj\debug\3daudio_.7fd42df7.tlog\link.read.1.tlog
c:\users\pmurgai\desktop\quarter-1\256a\final_project\3daudio_scene_creator\obj\debug\3daudio_.7fd42df7.tlog\link.write.1.tlog
c:\users\pmurgai\desktop\quarter-1\256a\final_project\3daudio_scene_creator\obj\debug\3daudio_.7fd42df7.tlog\rc.command.1.tlog
c:\users\pmurgai\desktop\quarter-1\256a\final_project\3daudio_scene_creator\obj\debug\3daudio_.7fd42df7.tlog\rc.read.1.tlog
c:\users\pmurgai\desktop\quarter-1\256a\final_project\3daudio_scene_creator\obj\debug\3daudio_.7fd42df7.tlog\rc.write.1.tlog
