c:\users\pmurgai\desktop\quarter-1\256a\final_project\3daudio_scene_creator\bin\3daudio_scene_creator.lib
c:\users\pmurgai\desktop\quarter-1\256a\final_project\3daudio_scene_creator\bin\3daudio_scene_creator.exp
c:\users\pmurgai\desktop\quarter-1\256a\final_project\3daudio_scene_creator\obj\release\ofxrtmidiin.obj
c:\users\pmurgai\desktop\quarter-1\256a\final_project\3daudio_scene_creator\obj\release\ofxbasemidi.obj
c:\users\pmurgai\desktop\quarter-1\256a\final_project\3daudio_scene_creator\obj\release\ofxmidiout.obj
c:\users\pmurgai\desktop\quarter-1\256a\final_project\3daudio_scene_creator\obj\release\audio_scene_creator.obj
c:\users\pmurgai\desktop\quarter-1\256a\final_project\3daudio_scene_creator\obj\release\ofxrtmidiout.obj
c:\users\pmurgai\desktop\quarter-1\256a\final_project\3daudio_scene_creator\obj\release\ofxmidi.obj
c:\users\pmurgai\desktop\quarter-1\256a\final_project\3daudio_scene_creator\obj\release\ofapp.obj
c:\users\pmurgai\desktop\quarter-1\256a\final_project\3daudio_scene_creator\obj\release\ofxmidimessage.obj
c:\users\pmurgai\desktop\quarter-1\256a\final_project\3daudio_scene_creator\obj\release\rtmidi.obj
c:\users\pmurgai\desktop\quarter-1\256a\final_project\3daudio_scene_creator\obj\release\main.obj
c:\users\pmurgai\desktop\quarter-1\256a\final_project\3daudio_scene_creator\obj\release\ofxmidiin.obj
c:\users\pmurgai\desktop\quarter-1\256a\final_project\3daudio_scene_creator\obj\release\vc140.pdb
c:\users\pmurgai\desktop\quarter-1\256a\final_project\3daudio_scene_creator\bin\3daudio_scene_creator.exe
c:\users\pmurgai\desktop\quarter-1\256a\final_project\3daudio_scene_creator\obj\release\icon.res
c:\users\pmurgai\desktop\quarter-1\256a\final_project\3daudio_scene_creator\obj\release\3daudio_scene_creator.vcxprojresolveassemblyreference.cache
c:\users\pmurgai\desktop\quarter-1\256a\final_project\3daudio_scene_creator\obj\release\3daudio_.7fd42df7.tlog\3daudio_scene_creator.write.1u.tlog
c:\users\pmurgai\desktop\quarter-1\256a\final_project\3daudio_scene_creator\obj\release\3daudio_.7fd42df7.tlog\cl.command.1.tlog
c:\users\pmurgai\desktop\quarter-1\256a\final_project\3daudio_scene_creator\obj\release\3daudio_.7fd42df7.tlog\cl.read.1.tlog
c:\users\pmurgai\desktop\quarter-1\256a\final_project\3daudio_scene_creator\obj\release\3daudio_.7fd42df7.tlog\cl.write.1.tlog
c:\users\pmurgai\desktop\quarter-1\256a\final_project\3daudio_scene_creator\obj\release\3daudio_.7fd42df7.tlog\link.command.1.tlog
c:\users\pmurgai\desktop\quarter-1\256a\final_project\3daudio_scene_creator\obj\release\3daudio_.7fd42df7.tlog\link.read.1.tlog
c:\users\pmurgai\desktop\quarter-1\256a\final_project\3daudio_scene_creator\obj\release\3daudio_.7fd42df7.tlog\link.write.1.tlog
c:\users\pmurgai\desktop\quarter-1\256a\final_project\3daudio_scene_creator\obj\release\3daudio_.7fd42df7.tlog\rc.command.1.tlog
c:\users\pmurgai\desktop\quarter-1\256a\final_project\3daudio_scene_creator\obj\release\3daudio_.7fd42df7.tlog\rc.read.1.tlog
c:\users\pmurgai\desktop\quarter-1\256a\final_project\3daudio_scene_creator\obj\release\3daudio_.7fd42df7.tlog\rc.write.1.tlog
