  main.cpp
  ofApp.cpp
C:\Users\pmurgai\Desktop\Quarter-1\256A\of_v0.9.6_vs_release\libs\openFrameworks\math\ofMatrix4x4.h(320): warning C4267: 'argument': conversion from 'size_t' to 'int', possible loss of data (compiling source file src\ofApp.cpp)
C:\Users\pmurgai\Desktop\Quarter-1\256A\of_v0.9.6_vs_release\libs\openFrameworks\math\ofMatrix4x4.h(325): warning C4267: 'argument': conversion from 'size_t' to 'int', possible loss of data (compiling source file src\ofApp.cpp)
C:\Users\pmurgai\Desktop\Quarter-1\256A\of_v0.9.6_vs_release\libs\openFrameworks\math\ofMatrix4x4.h(969): warning C4267: 'argument': conversion from 'size_t' to 'int', possible loss of data (compiling source file src\ofApp.cpp)
C:\Users\pmurgai\Desktop\Quarter-1\256A\of_v0.9.6_vs_release\libs\openFrameworks\math\ofMatrix4x4.h(970): warning C4267: 'argument': conversion from 'size_t' to 'int', possible loss of data (compiling source file src\ofApp.cpp)
C:\Users\pmurgai\Desktop\Quarter-1\256A\of_v0.9.6_vs_release\libs\openFrameworks\math\ofMatrix4x4.h(971): warning C4267: 'argument': conversion from 'size_t' to 'int', possible loss of data (compiling source file src\ofApp.cpp)
C:\Users\pmurgai\Desktop\Quarter-1\256A\of_v0.9.6_vs_release\libs\openFrameworks\math\ofMatrix4x4.h(972): warning C4267: 'argument': conversion from 'size_t' to 'int', possible loss of data (compiling source file src\ofApp.cpp)
C:\Users\pmurgai\Desktop\Quarter-1\256A\of_v0.9.6_vs_release\libs\openFrameworks\math\ofMatrix4x4.h(320): warning C4267: 'argument': conversion from 'size_t' to 'int', possible loss of data (compiling source file src\main.cpp)
C:\Users\pmurgai\Desktop\Quarter-1\256A\of_v0.9.6_vs_release\libs\openFrameworks\math\ofMatrix4x4.h(325): warning C4267: 'argument': conversion from 'size_t' to 'int', possible loss of data (compiling source file src\main.cpp)
C:\Users\pmurgai\Desktop\Quarter-1\256A\of_v0.9.6_vs_release\libs\openFrameworks\math\ofMatrix4x4.h(969): warning C4267: 'argument': conversion from 'size_t' to 'int', possible loss of data (compiling source file src\main.cpp)
C:\Users\pmurgai\Desktop\Quarter-1\256A\of_v0.9.6_vs_release\libs\openFrameworks\math\ofMatrix4x4.h(970): warning C4267: 'argument': conversion from 'size_t' to 'int', possible loss of data (compiling source file src\main.cpp)
C:\Users\pmurgai\Desktop\Quarter-1\256A\of_v0.9.6_vs_release\libs\openFrameworks\math\ofMatrix4x4.h(971): warning C4267: 'argument': conversion from 'size_t' to 'int', possible loss of data (compiling source file src\main.cpp)
C:\Users\pmurgai\Desktop\Quarter-1\256A\of_v0.9.6_vs_release\libs\openFrameworks\math\ofMatrix4x4.h(972): warning C4267: 'argument': conversion from 'size_t' to 'int', possible loss of data (compiling source file src\main.cpp)
     Creating library bin\3DAudio_Scene_Creator.lib and object bin\3DAudio_Scene_Creator.exp
  LINK : /LTCG specified but no code generation required; remove /LTCG from the link command line to improve linker performance
  3DAudio_Scene_Creator.vcxproj -> C:\Users\pmurgai\Desktop\Quarter-1\256A\Final_Project\3DAudio_Scene_Creator\bin\3DAudio_Scene_Creator.exe
  
  	                   9	C:\Users\pmurgai\Desktop\Quarter-1\256A\of_v0.9.6_vs_release\export\vs\x64\
  	  *EXTRA File 		 1266176	C:\Users\pmurgai\Desktop\Quarter-1\256A\Final_Project\3DAudio_Scene_Creator\bin\fmodex.dll
  	  *EXTRA File 		 1312768	C:\Users\pmurgai\Desktop\Quarter-1\256A\Final_Project\3DAudio_Scene_Creator\bin\fmodexL.dll
